Using pre-set license
Built from '2020.3/staging' branch; Version is '2020.3.35f1 (18e4db7a9996) revision 1631451'; Using compiler version '192528614'; Build Type 'Release'
OS: 'Windows 10  (10.0.19044) 64bit Professional' Language: 'en' Physical Memory: 16315 MB
BatchMode: 1, IsHumanControllingUs: 0, StartBugReporterOnCrash: 0, Is64bit: 1, IsPro: 0

COMMAND LINE ARGUMENTS:
C:\Unities\Unity 2019.4.29f1\Editor\2020.3.35f1\Editor\Unity.exe
-adb2
-batchMode
-noUpm
-name
AssetImportWorker0
-projectPath
C:/Projects/black-sweets-games
-logFile
Logs/AssetImportWorker0.log
-srvPort
63393
Successfully changed project path to: C:/Projects/black-sweets-games
C:/Projects/black-sweets-games
Using Asset Import Pipeline V2.
Refreshing native plugins compatible for Editor in 87.83 ms, found 3 plugins.
Preloading 0 native plugins for Editor in 0.00 ms.
Initialize engine version: 2020.3.35f1 (18e4db7a9996)
[Subsystems] Discovering subsystems at path C:/Unities/Unity 2019.4.29f1/Editor/2020.3.35f1/Editor/Data/Resources/UnitySubsystems
[Subsystems] Discovering subsystems at path C:/Projects/black-sweets-games/Assets
GfxDevice: creating device client; threaded=0
Direct3D:
    Version:  Direct3D 11.0 [level 11.1]
    Renderer: NVIDIA GeForce GTX 1660 Ti (ID=0x2182)
    Vendor:   
    VRAM:     5979 MB
    Driver:   31.0.15.3118
Initialize mono
Mono path[0] = 'C:/Unities/Unity 2019.4.29f1/Editor/2020.3.35f1/Editor/Data/Managed'
Mono path[1] = 'C:/Unities/Unity 2019.4.29f1/Editor/2020.3.35f1/Editor/Data/MonoBleedingEdge/lib/mono/unityjit'
Mono config path = 'C:/Unities/Unity 2019.4.29f1/Editor/2020.3.35f1/Editor/Data/MonoBleedingEdge/etc'
Using monoOptions --debugger-agent=transport=dt_socket,embedding=1,server=y,suspend=n,address=127.0.0.1:56412
Begin MonoManager ReloadAssembly
Registering precompiled unity dll's ...
Register platform support module: C:/Unities/Unity 2019.4.29f1/Editor/2020.3.35f1/Editor/Data/PlaybackEngines/WebGLSupport/UnityEditor.WebGL.Extensions.dll
Register platform support module: C:/Unities/Unity 2019.4.29f1/Editor/2020.3.35f1/Editor/Data/PlaybackEngines/WindowsStandaloneSupport/UnityEditor.WindowsStandalone.Extensions.dll
Registered in 0.002899 seconds.
Native extension for WindowsStandalone target not found
Native extension for WebGL target not found
Refreshing native plugins compatible for Editor in 75.85 ms, found 3 plugins.
Preloading 0 native plugins for Editor in 0.00 ms.
Mono: successfully reloaded assembly
- Completed reload, in  0.685 seconds
Domain Reload Profiling:
	ReloadAssembly (685ms)
		BeginReloadAssembly (72ms)
			ExecutionOrderSort (0ms)
			DisableScriptedObjects (0ms)
			BackupInstance (0ms)
			ReleaseScriptingObjects (0ms)
			CreateAndSetChildDomain (1ms)
		EndReloadAssembly (530ms)
			LoadAssemblies (70ms)
			RebuildTransferFunctionScriptingTraits (0ms)
			SetupTypeCache (162ms)
			ReleaseScriptCaches (0ms)
			RebuildScriptCaches (34ms)
			SetupLoadedEditorAssemblies (213ms)
				LogAssemblyErrors (0ms)
				InitializePlatformSupportModulesInManaged (5ms)
				SetLoadedEditorAssemblies (0ms)
				RefreshPlugins (76ms)
				BeforeProcessingInitializeOnLoad (17ms)
				ProcessInitializeOnLoadAttributes (86ms)
				ProcessInitializeOnLoadMethodAttributes (30ms)
				AfterProcessingInitializeOnLoad (0ms)
				EditorAssembliesLoaded (0ms)
			ExecutionOrderSort2 (0ms)
			AwakeInstancesAfterBackupRestoration (0ms)
Platform modules already initialized, skipping
Registering precompiled user dll's ...
Registered in 0.006607 seconds.
Begin MonoManager ReloadAssembly
Native extension for WindowsStandalone target not found
Native extension for WebGL target not found
Refreshing native plugins compatible for Editor in 72.24 ms, found 3 plugins.
Preloading 0 native plugins for Editor in 0.00 ms.
Mono: successfully reloaded assembly
- Completed reload, in  1.321 seconds
Domain Reload Profiling:
	ReloadAssembly (1322ms)
		BeginReloadAssembly (163ms)
			ExecutionOrderSort (0ms)
			DisableScriptedObjects (5ms)
			BackupInstance (0ms)
			ReleaseScriptingObjects (0ms)
			CreateAndSetChildDomain (19ms)
		EndReloadAssembly (1094ms)
			LoadAssemblies (118ms)
			RebuildTransferFunctionScriptingTraits (0ms)
			SetupTypeCache (367ms)
			ReleaseScriptCaches (1ms)
			RebuildScriptCaches (59ms)
			SetupLoadedEditorAssemblies (423ms)
				LogAssemblyErrors (0ms)
				InitializePlatformSupportModulesInManaged (4ms)
				SetLoadedEditorAssemblies (1ms)
				RefreshPlugins (72ms)
				BeforeProcessingInitializeOnLoad (107ms)
				ProcessInitializeOnLoadAttributes (208ms)
				ProcessInitializeOnLoadMethodAttributes (24ms)
				AfterProcessingInitializeOnLoad (7ms)
				EditorAssembliesLoaded (0ms)
			ExecutionOrderSort2 (0ms)
			AwakeInstancesAfterBackupRestoration (2ms)
Platform modules already initialized, skipping
========================================================================
Worker process is ready to serve import requests
Launched and connected shader compiler UnityShaderCompiler.exe after 0.05 seconds
Refreshing native plugins compatible for Editor in 0.74 ms, found 3 plugins.
Preloading 0 native plugins for Editor in 0.00 ms.
Unloading 3408 Unused Serialized files (Serialized files now loaded: 0)
System memory in use before: 151.3 MB.
System memory in use after: 151.5 MB.

Unloading 30 unused Assets to reduce memory usage. Loaded Objects now: 3844.
Total: 3.595700 ms (FindLiveObjects: 0.250800 ms CreateObjectMapping: 0.225000 ms MarkObjects: 3.038200 ms  DeleteObjects: 0.080600 ms)

AssetImportParameters requested are different than current active one (requested -> active):
  custom:framework-win-MediaFoundation: 216162199b28c13a410421893ffa2e32 -> 
  custom:video-decoder-ogg-theora: a1e56fd34408186e4bbccfd4996cb3dc -> 
  custom:container-muxer-webm: aa71ff27fc2769a1b78a27578f13a17b -> 
  custom:container-demuxer-webm: 4f35f7cbe854078d1ac9338744f61a02 -> 
  custom:container-demuxer-ogg: 62fdf1f143b41e24485cea50d1cbac27 -> 
  custom:video-encoder-webm-vp8: eb34c28f22e8b96e1ab97ce403110664 -> 
  custom:video-decoder-webm-vp8: 9c59270c3fd7afecdb556c50c9e8de78 -> 
  custom:audio-decoder-ogg-vorbis: bf7c407c2cedff20999df2af8eb42d56 -> 
  custom:audio-encoder-webm-vorbis: bf7c407c2cedff20999df2af8eb42d56 -> 
========================================================================
Received Import Request.
  path: Assets/RenderPipeline_Renderer.asset
  artifactKey: Guid(09cf9ee6fd974334d970d62accd45aa2) Importer(815301076,1909f56bfc062723c751e8b465ee728b)
Start importing Assets/RenderPipeline_Renderer.asset using Guid(09cf9ee6fd974334d970d62accd45aa2) Importer(815301076,1909f56bfc062723c751e8b465ee728b)  -> (artifact id: '201d3001079fc4751cadecb24199b65d') in 0.081287 seconds 
========================================================================
Received Import Request.
  Time since last request: 0.000201 seconds.
  path: Assets/RenderPipeline.asset
  artifactKey: Guid(c4db5a59a6be26d46a269f9627315949) Importer(815301076,1909f56bfc062723c751e8b465ee728b)
Start importing Assets/RenderPipeline.asset using Guid(c4db5a59a6be26d46a269f9627315949) Importer(815301076,1909f56bfc062723c751e8b465ee728b)  -> (artifact id: 'aaaa31c86e7522f619229b85ae99e4f3') in 0.010307 seconds 
========================================================================
Received Prepare
Registering precompiled user dll's ...
Registered in 0.005843 seconds.
Begin MonoManager ReloadAssembly
Native extension for WindowsStandalone target not found
Native extension for WebGL target not found
Refreshing native plugins compatible for Editor in 0.64 ms, found 3 plugins.
Preloading 0 native plugins for Editor in 0.00 ms.
Mono: successfully reloaded assembly
- Completed reload, in  1.140 seconds
Domain Reload Profiling:
	ReloadAssembly (1140ms)
		BeginReloadAssembly (136ms)
			ExecutionOrderSort (0ms)
			DisableScriptedObjects (6ms)
			BackupInstance (0ms)
			ReleaseScriptingObjects (0ms)
			CreateAndSetChildDomain (39ms)
		EndReloadAssembly (935ms)
			LoadAssemblies (120ms)
			RebuildTransferFunctionScriptingTraits (0ms)
			SetupTypeCache (339ms)
			ReleaseScriptCaches (1ms)
			RebuildScriptCaches (45ms)
			SetupLoadedEditorAssemblies (331ms)
				LogAssemblyErrors (0ms)
				InitializePlatformSupportModulesInManaged (5ms)
				SetLoadedEditorAssemblies (0ms)
				RefreshPlugins (1ms)
				BeforeProcessingInitializeOnLoad (100ms)
				ProcessInitializeOnLoadAttributes (203ms)
				ProcessInitializeOnLoadMethodAttributes (15ms)
				AfterProcessingInitializeOnLoad (7ms)
				EditorAssembliesLoaded (0ms)
			ExecutionOrderSort2 (0ms)
			AwakeInstancesAfterBackupRestoration (9ms)
Platform modules already initialized, skipping
Refreshing native plugins compatible for Editor in 0.66 ms, found 3 plugins.
Preloading 0 native plugins for Editor in 0.00 ms.
Unloading 3278 Unused Serialized files (Serialized files now loaded: 0)
System memory in use before: 141.9 MB.
System memory in use after: 142.1 MB.

Unloading 19 unused Assets to reduce memory usage. Loaded Objects now: 3849.
Total: 3.322600 ms (FindLiveObjects: 0.228600 ms CreateObjectMapping: 0.157500 ms MarkObjects: 2.909100 ms  DeleteObjects: 0.026400 ms)

AssetImportParameters requested are different than current active one (requested -> active):
  custom:framework-win-MediaFoundation: 216162199b28c13a410421893ffa2e32 -> 
  custom:video-decoder-ogg-theora: a1e56fd34408186e4bbccfd4996cb3dc -> 
  custom:container-muxer-webm: aa71ff27fc2769a1b78a27578f13a17b -> 
  custom:container-demuxer-webm: 4f35f7cbe854078d1ac9338744f61a02 -> 
  custom:container-demuxer-ogg: 62fdf1f143b41e24485cea50d1cbac27 -> 
  custom:video-encoder-webm-vp8: eb34c28f22e8b96e1ab97ce403110664 -> 
  custom:video-decoder-webm-vp8: 9c59270c3fd7afecdb556c50c9e8de78 -> 
  custom:audio-decoder-ogg-vorbis: bf7c407c2cedff20999df2af8eb42d56 -> 
  custom:audio-encoder-webm-vorbis: bf7c407c2cedff20999df2af8eb42d56 -> 
========================================================================
Received Prepare
Registering precompiled user dll's ...
Registered in 0.005771 seconds.
Begin MonoManager ReloadAssembly
Native extension for WindowsStandalone target not found
Native extension for WebGL target not found
Refreshing native plugins compatible for Editor in 0.64 ms, found 3 plugins.
Preloading 0 native plugins for Editor in 0.00 ms.
Mono: successfully reloaded assembly
- Completed reload, in  1.100 seconds
Domain Reload Profiling:
	ReloadAssembly (1100ms)
		BeginReloadAssembly (118ms)
			ExecutionOrderSort (0ms)
			DisableScriptedObjects (6ms)
			BackupInstance (0ms)
			ReleaseScriptingObjects (0ms)
			CreateAndSetChildDomain (34ms)
		EndReloadAssembly (918ms)
			LoadAssemblies (109ms)
			RebuildTransferFunctionScriptingTraits (0ms)
			SetupTypeCache (331ms)
			ReleaseScriptCaches (1ms)
			RebuildScriptCaches (47ms)
			SetupLoadedEditorAssemblies (326ms)
				LogAssemblyErrors (0ms)
				InitializePlatformSupportModulesInManaged (5ms)
				SetLoadedEditorAssemblies (0ms)
				RefreshPlugins (1ms)
				BeforeProcessingInitializeOnLoad (99ms)
				ProcessInitializeOnLoadAttributes (199ms)
				ProcessInitializeOnLoadMethodAttributes (15ms)
				AfterProcessingInitializeOnLoad (8ms)
				EditorAssembliesLoaded (0ms)
			ExecutionOrderSort2 (0ms)
			AwakeInstancesAfterBackupRestoration (8ms)
Platform modules already initialized, skipping
Refreshing native plugins compatible for Editor in 0.68 ms, found 3 plugins.
Preloading 0 native plugins for Editor in 0.00 ms.
Unloading 3276 Unused Serialized files (Serialized files now loaded: 0)
System memory in use before: 141.9 MB.
System memory in use after: 142.2 MB.

Unloading 19 unused Assets to reduce memory usage. Loaded Objects now: 3852.
Total: 3.181400 ms (FindLiveObjects: 0.263400 ms CreateObjectMapping: 0.190600 ms MarkObjects: 2.706100 ms  DeleteObjects: 0.020500 ms)

AssetImportParameters requested are different than current active one (requested -> active):
  custom:framework-win-MediaFoundation: 216162199b28c13a410421893ffa2e32 -> 
  custom:video-decoder-ogg-theora: a1e56fd34408186e4bbccfd4996cb3dc -> 
  custom:container-muxer-webm: aa71ff27fc2769a1b78a27578f13a17b -> 
  custom:container-demuxer-webm: 4f35f7cbe854078d1ac9338744f61a02 -> 
  custom:container-demuxer-ogg: 62fdf1f143b41e24485cea50d1cbac27 -> 
  custom:video-encoder-webm-vp8: eb34c28f22e8b96e1ab97ce403110664 -> 
  custom:video-decoder-webm-vp8: 9c59270c3fd7afecdb556c50c9e8de78 -> 
  custom:audio-decoder-ogg-vorbis: bf7c407c2cedff20999df2af8eb42d56 -> 
  custom:audio-encoder-webm-vorbis: bf7c407c2cedff20999df2af8eb42d56 -> 
========================================================================
Received Import Request.
  Time since last request: 2586.886497 seconds.
  path: Assets/Graphics/Textures/CyaSolei_full_background_filled_with_streams_of_flowing_chocola_276196f9-788e-424e-9c6a-049818affbb2.png
  artifactKey: Guid(38497f86f1a0ce4468bcd2be27e06a8b) Importer(815301076,1909f56bfc062723c751e8b465ee728b)
Start importing Assets/Graphics/Textures/CyaSolei_full_background_filled_with_streams_of_flowing_chocola_276196f9-788e-424e-9c6a-049818affbb2.png using Guid(38497f86f1a0ce4468bcd2be27e06a8b) Importer(815301076,1909f56bfc062723c751e8b465ee728b)  -> (artifact id: '7533dc87158c211ab83881aaabaf6e1e') in 0.122926 seconds 
========================================================================
Received Import Request.
  Time since last request: 0.000208 seconds.
  path: Assets/Graphics/Textures/CyaSolei_full_background_filled_with_streams_of_flowing_chocola_f96628ce-7209-40af-9946-1d33ee41140b.png
  artifactKey: Guid(fed5eaca06ca1f946bc24bbdc145718f) Importer(815301076,1909f56bfc062723c751e8b465ee728b)
Start importing Assets/Graphics/Textures/CyaSolei_full_background_filled_with_streams_of_flowing_chocola_f96628ce-7209-40af-9946-1d33ee41140b.png using Guid(fed5eaca06ca1f946bc24bbdc145718f) Importer(815301076,1909f56bfc062723c751e8b465ee728b)  -> (artifact id: '0e79fb9514e92650380f3b79f8109d98') in 0.041003 seconds 
========================================================================
Received Import Request.
  Time since last request: 0.000249 seconds.
  path: Assets/Graphics/Textures/CyaSolei_full_background_filled_with_streams_of_flowing_chocola_5817935d-afe8-4e13-991d-a8fdef28bdc8.png
  artifactKey: Guid(980933b1fd69b614a97e670e7c5afa34) Importer(815301076,1909f56bfc062723c751e8b465ee728b)
Start importing Assets/Graphics/Textures/CyaSolei_full_background_filled_with_streams_of_flowing_chocola_5817935d-afe8-4e13-991d-a8fdef28bdc8.png using Guid(980933b1fd69b614a97e670e7c5afa34) Importer(815301076,1909f56bfc062723c751e8b465ee728b)  -> (artifact id: 'cb3cb3ddea229e04a849544117ae599c') in 0.034916 seconds 
========================================================================
Received Import Request.
  Time since last request: 62.511550 seconds.
  path: Assets/Graphics/Textures/CyaSolei_full_background_filled_with_streams_of_flowing_chocola_2a9ffd13-727b-49eb-9c3c-6d6080546306.png
  artifactKey: Guid(32a3a45be382e1e4c9a417a52ef4c5eb) Importer(815301076,1909f56bfc062723c751e8b465ee728b)
Start importing Assets/Graphics/Textures/CyaSolei_full_background_filled_with_streams_of_flowing_chocola_2a9ffd13-727b-49eb-9c3c-6d6080546306.png using Guid(32a3a45be382e1e4c9a417a52ef4c5eb) Importer(815301076,1909f56bfc062723c751e8b465ee728b)  -> (artifact id: '0894c3dbfd4d600eab1cad52d0c6a336') in 0.021040 seconds 
========================================================================
Received Import Request.
  Time since last request: 0.000251 seconds.
  path: Assets/Graphics/Textures/CyaSolei_full_background_filled_with_streams_of_flowing_chocola_e8ca1a4c-c7e6-46ee-a045-af922c40fa45.png
  artifactKey: Guid(e354c63d883a65d44b28b4f2b4b8b6a7) Importer(815301076,1909f56bfc062723c751e8b465ee728b)
Start importing Assets/Graphics/Textures/CyaSolei_full_background_filled_with_streams_of_flowing_chocola_e8ca1a4c-c7e6-46ee-a045-af922c40fa45.png using Guid(e354c63d883a65d44b28b4f2b4b8b6a7) Importer(815301076,1909f56bfc062723c751e8b465ee728b)  -> (artifact id: 'e5271ae371dd243a7dcf87a3517335db') in 0.025127 seconds 
========================================================================
Received Import Request.
  Time since last request: 0.000382 seconds.
  path: Assets/Graphics/Textures/CyaSolei_full_background_filled_with_streams_of_flowing_chocola_2e90e5ef-02fc-49b8-9dc3-f0763987bf17.png
  artifactKey: Guid(aaaefe148396261499ae933ebc9cee5c) Importer(815301076,1909f56bfc062723c751e8b465ee728b)
Start importing Assets/Graphics/Textures/CyaSolei_full_background_filled_with_streams_of_flowing_chocola_2e90e5ef-02fc-49b8-9dc3-f0763987bf17.png using Guid(aaaefe148396261499ae933ebc9cee5c) Importer(815301076,1909f56bfc062723c751e8b465ee728b)  -> (artifact id: '9fbc8b75ebfc1eef13552440c8814f85') in 0.022320 seconds 
========================================================================
Received Import Request.
  Time since last request: 0.000376 seconds.
  path: Assets/Graphics/Textures/CyaSolei_full_background_filled_with_streams_of_flowing_chocola_4e86397c-dd0c-4670-b274-5c5c2b3eb10e.png
  artifactKey: Guid(5364b3a21ba9d17409ce4c1de1d41506) Importer(815301076,1909f56bfc062723c751e8b465ee728b)
Start importing Assets/Graphics/Textures/CyaSolei_full_background_filled_with_streams_of_flowing_chocola_4e86397c-dd0c-4670-b274-5c5c2b3eb10e.png using Guid(5364b3a21ba9d17409ce4c1de1d41506) Importer(815301076,1909f56bfc062723c751e8b465ee728b)  -> (artifact id: '5036d2bd09ec99706ff00e91fafb5b55') in 0.020597 seconds 
========================================================================
Received Import Request.
  Time since last request: 0.000205 seconds.
  path: Assets/Graphics/Textures/CyaSolei_full_background_filled_with_streams_of_flowing_chocola_78e647af-d19e-45bf-875f-cca3f7b30ab5.png
  artifactKey: Guid(b7897c7f0e9e18c48a8bcb818e2de070) Importer(815301076,1909f56bfc062723c751e8b465ee728b)
Start importing Assets/Graphics/Textures/CyaSolei_full_background_filled_with_streams_of_flowing_chocola_78e647af-d19e-45bf-875f-cca3f7b30ab5.png using Guid(b7897c7f0e9e18c48a8bcb818e2de070) Importer(815301076,1909f56bfc062723c751e8b465ee728b)  -> (artifact id: '02d3f5e2df5ff021fec2aae821a141fe') in 0.020581 seconds 
========================================================================
Received Import Request.
  Time since last request: 596.337955 seconds.
  path: Assets/Scenes/MainScene.unity
  artifactKey: Guid(2cda990e2423bbf4892e6590ba056729) Importer(815301076,1909f56bfc062723c751e8b465ee728b)
Start importing Assets/Scenes/MainScene.unity using Guid(2cda990e2423bbf4892e6590ba056729) Importer(815301076,1909f56bfc062723c751e8b465ee728b)  -> (artifact id: 'b90cee99f618048916db2683428f13ec') in 0.009121 seconds 
========================================================================
Received Import Request.
  Time since last request: 194.861026 seconds.
  path: Assets/Graphics/Materials/GlazeFlowGraph.mat
  artifactKey: Guid(002b63040daf98f42b36d2432352c23f) Importer(815301076,1909f56bfc062723c751e8b465ee728b)
Start importing Assets/Graphics/Materials/GlazeFlowGraph.mat using Guid(002b63040daf98f42b36d2432352c23f) Importer(815301076,1909f56bfc062723c751e8b465ee728b)  -> (artifact id: 'c907257c8bfc07ed385156e6ba9902d3') in 0.186566 seconds 
========================================================================
Received Import Request.
  Time since last request: 1.735189 seconds.
  path: Assets/Graphics/PhotoShop
  artifactKey: Guid(88c5e133ec422f04c8a6fd1a05eaad44) Importer(815301076,1909f56bfc062723c751e8b465ee728b)
Start importing Assets/Graphics/PhotoShop using Guid(88c5e133ec422f04c8a6fd1a05eaad44) Importer(815301076,1909f56bfc062723c751e8b465ee728b)  -> (artifact id: 'f806858264ddd6f99ff01c1df4fb1394') in 0.007391 seconds 
========================================================================
Received Import Request.
  Time since last request: 29.855899 seconds.
  path: Assets/UI/Prefabs/DrawingGame/5.ShowingRoundScore.prefab
  artifactKey: Guid(612049f6145c9c04c811c89d2eb0f26c) Importer(815301076,1909f56bfc062723c751e8b465ee728b)
Start importing Assets/UI/Prefabs/DrawingGame/5.ShowingRoundScore.prefab using Guid(612049f6145c9c04c811c89d2eb0f26c) Importer(815301076,1909f56bfc062723c751e8b465ee728b)  -> (artifact id: '376c230cf233534f0cbf5aad9ee22fa3') in 0.087399 seconds 
========================================================================
Received Import Request.
  Time since last request: 0.004520 seconds.
  path: Assets/UI/Prefabs/DrawingGame/6.ShowingTotalScore.prefab
  artifactKey: Guid(e92a6adbf7236be4f83a7f5e343b259e) Importer(815301076,1909f56bfc062723c751e8b465ee728b)
Start importing Assets/UI/Prefabs/DrawingGame/6.ShowingTotalScore.prefab using Guid(e92a6adbf7236be4f83a7f5e343b259e) Importer(815301076,1909f56bfc062723c751e8b465ee728b)  -> (artifact id: '036c572139373bdd4959fe7c90e39377') in 0.027734 seconds 
========================================================================
Received Import Request.
  Time since last request: 0.776460 seconds.
  path: Assets/Backgrounds/chocolate.png
  artifactKey: Guid(7826248fd402adb40b926eff1fd613a1) Importer(815301076,1909f56bfc062723c751e8b465ee728b)
Start importing Assets/Backgrounds/chocolate.png using Guid(7826248fd402adb40b926eff1fd613a1) Importer(815301076,1909f56bfc062723c751e8b465ee728b)  -> (artifact id: '4fc1ba063cc9b7606cdb07871f55a2d4') in 0.019347 seconds 
========================================================================
Received Import Request.
  Time since last request: 23.795245 seconds.
  path: Assets/Scenes/MainScene.unity
  artifactKey: Guid(2cda990e2423bbf4892e6590ba056729) Importer(815301076,1909f56bfc062723c751e8b465ee728b)
Start importing Assets/Scenes/MainScene.unity using Guid(2cda990e2423bbf4892e6590ba056729) Importer(815301076,1909f56bfc062723c751e8b465ee728b)  -> (artifact id: 'ffbdfafa34ede8fb8efb2ad352a51231') in 0.003706 seconds 
========================================================================
Received Import Request.
  Time since last request: 90.082421 seconds.
  path: Assets/Graphics/Shaders/Graph/GlazeFlow.shadergraph
  artifactKey: Guid(181a68000f0c6af4d9db377ddeef9f0c) Importer(815301076,1909f56bfc062723c751e8b465ee728b)
Start importing Assets/Graphics/Shaders/Graph/GlazeFlow.shadergraph using Guid(181a68000f0c6af4d9db377ddeef9f0c) Importer(815301076,1909f56bfc062723c751e8b465ee728b)  -> (artifact id: 'a29541214995b9295e58e072f59cae3d') in 0.012953 seconds 
========================================================================
Received Import Request.
  Time since last request: 0.459975 seconds.
  path: Assets/Graphics/Shaders/Graph
  artifactKey: Guid(7039558fe78f7b54e9caf8215bfaabf8) Importer(815301076,1909f56bfc062723c751e8b465ee728b)
Start importing Assets/Graphics/Shaders/Graph using Guid(7039558fe78f7b54e9caf8215bfaabf8) Importer(815301076,1909f56bfc062723c751e8b465ee728b)  -> (artifact id: '0d4f8a2c261d86e82d5cb5c4d9e926ea') in 0.008073 seconds 
========================================================================
Received Import Request.
  Time since last request: 42.862223 seconds.
  path: Assets/Graphics/Shaders/Graph/Waves.shadergraph
  artifactKey: Guid(0acea0358ab45a14590706868513e4f9) Importer(815301076,1909f56bfc062723c751e8b465ee728b)
Start importing Assets/Graphics/Shaders/Graph/Waves.shadergraph using Guid(0acea0358ab45a14590706868513e4f9) Importer(815301076,1909f56bfc062723c751e8b465ee728b)  -> (artifact id: '2ebead6da5c664a4948fb6254b509d6b') in 0.008051 seconds 
========================================================================
Received Import Request.
  Time since last request: 79.952629 seconds.
  path: Assets/Graphics/Shaders/Graph/Waves.shadergraph
  artifactKey: Guid(0acea0358ab45a14590706868513e4f9) Importer(815301076,1909f56bfc062723c751e8b465ee728b)
Start importing Assets/Graphics/Shaders/Graph/Waves.shadergraph using Guid(0acea0358ab45a14590706868513e4f9) Importer(815301076,1909f56bfc062723c751e8b465ee728b)  -> (artifact id: '6b1f34a7026a1c57a2b01d5e8e10f3f8') in 0.004830 seconds 
========================================================================
Received Import Request.
  Time since last request: 7.059757 seconds.
  path: Assets/Graphics/Shaders/Graph/Waves.shadergraph
  artifactKey: Guid(0acea0358ab45a14590706868513e4f9) Importer(815301076,1909f56bfc062723c751e8b465ee728b)
Start importing Assets/Graphics/Shaders/Graph/Waves.shadergraph using Guid(0acea0358ab45a14590706868513e4f9) Importer(815301076,1909f56bfc062723c751e8b465ee728b)  -> (artifact id: '29435560272014d3b75d12c6cbb81160') in 0.004650 seconds 
========================================================================
Received Import Request.
  Time since last request: 1317.327535 seconds.
  path: Assets/Graphics/Materials/GlazeFlowingMat 1.mat
  artifactKey: Guid(8b4bd310b3198304f9b12316a13f1416) Importer(815301076,1909f56bfc062723c751e8b465ee728b)
Start importing Assets/Graphics/Materials/GlazeFlowingMat 1.mat using Guid(8b4bd310b3198304f9b12316a13f1416) Importer(815301076,1909f56bfc062723c751e8b465ee728b)  -> (artifact id: 'c412afb957efb076ae36fc9460c5af10') in 0.032917 seconds 
========================================================================
Received Import Request.
  Time since last request: 5.625625 seconds.
  path: Assets/Graphics/Materials/Waves.mat
  artifactKey: Guid(8b4bd310b3198304f9b12316a13f1416) Importer(815301076,1909f56bfc062723c751e8b465ee728b)
Start importing Assets/Graphics/Materials/Waves.mat using Guid(8b4bd310b3198304f9b12316a13f1416) Importer(815301076,1909f56bfc062723c751e8b465ee728b)  -> (artifact id: 'f57792898efac45f2597252134993e6e') in 0.019705 seconds 
========================================================================
Received Import Request.
  Time since last request: 94.886608 seconds.
  path: Assets/Graphics/Shaders/Graph/Waves.shadergraph
  artifactKey: Guid(0acea0358ab45a14590706868513e4f9) Importer(815301076,1909f56bfc062723c751e8b465ee728b)
Start importing Assets/Graphics/Shaders/Graph/Waves.shadergraph using Guid(0acea0358ab45a14590706868513e4f9) Importer(815301076,1909f56bfc062723c751e8b465ee728b)  -> (artifact id: '1f94704433813d096927687c56ac853b') in 0.005526 seconds 
========================================================================
Received Prepare
Registering precompiled user dll's ...
Registered in 0.006363 seconds.
Begin MonoManager ReloadAssembly
Native extension for WindowsStandalone target not found
Native extension for WebGL target not found
Refreshing native plugins compatible for Editor in 0.64 ms, found 3 plugins.
Preloading 0 native plugins for Editor in 0.00 ms.
Mono: successfully reloaded assembly
- Completed reload, in  1.265 seconds
Domain Reload Profiling:
	ReloadAssembly (1266ms)
		BeginReloadAssembly (175ms)
			ExecutionOrderSort (0ms)
			DisableScriptedObjects (9ms)
			BackupInstance (0ms)
			ReleaseScriptingObjects (0ms)
			CreateAndSetChildDomain (65ms)
		EndReloadAssembly (1024ms)
			LoadAssemblies (125ms)
			RebuildTransferFunctionScriptingTraits (0ms)
			SetupTypeCache (352ms)
			ReleaseScriptCaches (1ms)
			RebuildScriptCaches (49ms)
			SetupLoadedEditorAssemblies (362ms)
				LogAssemblyErrors (0ms)
				InitializePlatformSupportModulesInManaged (5ms)
				SetLoadedEditorAssemblies (0ms)
				RefreshPlugins (1ms)
				BeforeProcessingInitializeOnLoad (113ms)
				ProcessInitializeOnLoadAttributes (218ms)
				ProcessInitializeOnLoadMethodAttributes (16ms)
				AfterProcessingInitializeOnLoad (8ms)
				EditorAssembliesLoaded (0ms)
			ExecutionOrderSort2 (0ms)
			AwakeInstancesAfterBackupRestoration (16ms)
Platform modules already initialized, skipping
Refreshing native plugins compatible for Editor in 0.66 ms, found 3 plugins.
Preloading 0 native plugins for Editor in 0.00 ms.
Unloading 3276 Unused Serialized files (Serialized files now loaded: 0)
System memory in use before: 147.5 MB.
System memory in use after: 147.8 MB.

Unloading 20 unused Assets to reduce memory usage. Loaded Objects now: 3937.
Total: 4.464600 ms (FindLiveObjects: 0.233300 ms CreateObjectMapping: 0.150100 ms MarkObjects: 4.049200 ms  DeleteObjects: 0.030900 ms)

AssetImportParameters requested are different than current active one (requested -> active):
  custom:framework-win-MediaFoundation: 216162199b28c13a410421893ffa2e32 -> 
  custom:video-decoder-ogg-theora: a1e56fd34408186e4bbccfd4996cb3dc -> 
  custom:container-muxer-webm: aa71ff27fc2769a1b78a27578f13a17b -> 
  custom:container-demuxer-webm: 4f35f7cbe854078d1ac9338744f61a02 -> 
  custom:container-demuxer-ogg: 62fdf1f143b41e24485cea50d1cbac27 -> 
  custom:video-encoder-webm-vp8: eb34c28f22e8b96e1ab97ce403110664 -> 
  custom:video-decoder-webm-vp8: 9c59270c3fd7afecdb556c50c9e8de78 -> 
  custom:audio-decoder-ogg-vorbis: bf7c407c2cedff20999df2af8eb42d56 -> 
  custom:audio-encoder-webm-vorbis: bf7c407c2cedff20999df2af8eb42d56 -> 
========================================================================
Received Import Request.
  Time since last request: 41.014605 seconds.
  path: Assets/Graphics/Shaders/Graph/Waves.shadergraph
  artifactKey: Guid(0acea0358ab45a14590706868513e4f9) Importer(815301076,1909f56bfc062723c751e8b465ee728b)
Start importing Assets/Graphics/Shaders/Graph/Waves.shadergraph using Guid(0acea0358ab45a14590706868513e4f9) Importer(815301076,1909f56bfc062723c751e8b465ee728b)  -> (artifact id: '76499b375f65d53cb01b39e4be2adc8a') in 0.038769 seconds 
========================================================================
Received Prepare
Registering precompiled user dll's ...
Registered in 0.006505 seconds.
Begin MonoManager ReloadAssembly
Native extension for WindowsStandalone target not found
Native extension for WebGL target not found
Refreshing native plugins compatible for Editor in 0.66 ms, found 3 plugins.
Preloading 0 native plugins for Editor in 0.00 ms.
Mono: successfully reloaded assembly
- Completed reload, in  1.183 seconds
Domain Reload Profiling:
	ReloadAssembly (1183ms)
		BeginReloadAssembly (121ms)
			ExecutionOrderSort (0ms)
			DisableScriptedObjects (6ms)
			BackupInstance (0ms)
			ReleaseScriptingObjects (0ms)
			CreateAndSetChildDomain (35ms)
		EndReloadAssembly (991ms)
			LoadAssemblies (111ms)
			RebuildTransferFunctionScriptingTraits (0ms)
			SetupTypeCache (353ms)
			ReleaseScriptCaches (1ms)
			RebuildScriptCaches (49ms)
			SetupLoadedEditorAssemblies (341ms)
				LogAssemblyErrors (0ms)
				InitializePlatformSupportModulesInManaged (5ms)
				SetLoadedEditorAssemblies (1ms)
				RefreshPlugins (1ms)
				BeforeProcessingInitializeOnLoad (102ms)
				ProcessInitializeOnLoadAttributes (208ms)
				ProcessInitializeOnLoadMethodAttributes (16ms)
				AfterProcessingInitializeOnLoad (8ms)
				EditorAssembliesLoaded (0ms)
			ExecutionOrderSort2 (0ms)
			AwakeInstancesAfterBackupRestoration (14ms)
Platform modules already initialized, skipping
Refreshing native plugins compatible for Editor in 0.67 ms, found 3 plugins.
Preloading 0 native plugins for Editor in 0.00 ms.
Unloading 3276 Unused Serialized files (Serialized files now loaded: 0)
System memory in use before: 147.6 MB.
System memory in use after: 147.8 MB.

Unloading 19 unused Assets to reduce memory usage. Loaded Objects now: 3940.
Total: 3.121000 ms (FindLiveObjects: 0.223300 ms CreateObjectMapping: 0.134600 ms MarkObjects: 2.742500 ms  DeleteObjects: 0.020100 ms)

AssetImportParameters requested are different than current active one (requested -> active):
  custom:framework-win-MediaFoundation: 216162199b28c13a410421893ffa2e32 -> 
  custom:video-decoder-ogg-theora: a1e56fd34408186e4bbccfd4996cb3dc -> 
  custom:container-muxer-webm: aa71ff27fc2769a1b78a27578f13a17b -> 
  custom:container-demuxer-webm: 4f35f7cbe854078d1ac9338744f61a02 -> 
  custom:container-demuxer-ogg: 62fdf1f143b41e24485cea50d1cbac27 -> 
  custom:video-encoder-webm-vp8: eb34c28f22e8b96e1ab97ce403110664 -> 
  custom:video-decoder-webm-vp8: 9c59270c3fd7afecdb556c50c9e8de78 -> 
  custom:audio-decoder-ogg-vorbis: bf7c407c2cedff20999df2af8eb42d56 -> 
  custom:audio-encoder-webm-vorbis: bf7c407c2cedff20999df2af8eb42d56 -> 
========================================================================
Received Import Request.
  Time since last request: 130.425502 seconds.
  path: Assets/Graphics/Materials/Waves.mat
  artifactKey: Guid(8b4bd310b3198304f9b12316a13f1416) Importer(815301076,1909f56bfc062723c751e8b465ee728b)
Start importing Assets/Graphics/Materials/Waves.mat using Guid(8b4bd310b3198304f9b12316a13f1416) Importer(815301076,1909f56bfc062723c751e8b465ee728b)  -> (artifact id: '4e89c47a98b1755fc3478a65902d9622') in 0.170069 seconds 
========================================================================
Received Import Request.
  Time since last request: 73.121909 seconds.
  path: Assets/Graphics/Shaders/Graph/Waves.shadergraph
  artifactKey: Guid(0acea0358ab45a14590706868513e4f9) Importer(815301076,1909f56bfc062723c751e8b465ee728b)
Start importing Assets/Graphics/Shaders/Graph/Waves.shadergraph using Guid(0acea0358ab45a14590706868513e4f9) Importer(815301076,1909f56bfc062723c751e8b465ee728b)  -> (artifact id: 'ff35c00c069195bb0673cb47ccc7a471') in 0.006727 seconds 
========================================================================
Received Import Request.
  Time since last request: 145.313951 seconds.
  path: Assets/Graphics/Shaders/Graph/Waves.shadergraph
  artifactKey: Guid(0acea0358ab45a14590706868513e4f9) Importer(815301076,1909f56bfc062723c751e8b465ee728b)
Start importing Assets/Graphics/Shaders/Graph/Waves.shadergraph using Guid(0acea0358ab45a14590706868513e4f9) Importer(815301076,1909f56bfc062723c751e8b465ee728b)  -> (artifact id: 'c13773551dfab1920d529e746557aa39') in 0.011590 seconds 
========================================================================
Received Prepare
Registering precompiled user dll's ...
Registered in 0.007170 seconds.
Begin MonoManager ReloadAssembly
Native extension for WindowsStandalone target not found
Native extension for WebGL target not found
Refreshing native plugins compatible for Editor in 0.74 ms, found 3 plugins.
Preloading 0 native plugins for Editor in 0.00 ms.
Mono: successfully reloaded assembly
- Completed reload, in  1.254 seconds
Domain Reload Profiling:
	ReloadAssembly (1254ms)
		BeginReloadAssembly (144ms)
			ExecutionOrderSort (0ms)
			DisableScriptedObjects (9ms)
			BackupInstance (0ms)
			ReleaseScriptingObjects (0ms)
			CreateAndSetChildDomain (40ms)
		EndReloadAssembly (1044ms)
			LoadAssemblies (133ms)
			RebuildTransferFunctionScriptingTraits (0ms)
			SetupTypeCache (357ms)
			ReleaseScriptCaches (2ms)
			RebuildScriptCaches (51ms)
			SetupLoadedEditorAssemblies (370ms)
				LogAssemblyErrors (0ms)
				InitializePlatformSupportModulesInManaged (5ms)
				SetLoadedEditorAssemblies (1ms)
				RefreshPlugins (1ms)
				BeforeProcessingInitializeOnLoad (103ms)
				ProcessInitializeOnLoadAttributes (234ms)
				ProcessInitializeOnLoadMethodAttributes (18ms)
				AfterProcessingInitializeOnLoad (9ms)
				EditorAssembliesLoaded (0ms)
			ExecutionOrderSort2 (0ms)
			AwakeInstancesAfterBackupRestoration (17ms)
Platform modules already initialized, skipping
Refreshing native plugins compatible for Editor in 0.67 ms, found 3 plugins.
Preloading 0 native plugins for Editor in 0.00 ms.
Unloading 3277 Unused Serialized files (Serialized files now loaded: 0)
System memory in use before: 148.2 MB.
System memory in use after: 148.4 MB.

Unloading 19 unused Assets to reduce memory usage. Loaded Objects now: 3980.
Total: 3.384000 ms (FindLiveObjects: 0.287100 ms CreateObjectMapping: 0.182700 ms MarkObjects: 2.891100 ms  DeleteObjects: 0.022300 ms)

AssetImportParameters requested are different than current active one (requested -> active):
  custom:framework-win-MediaFoundation: 216162199b28c13a410421893ffa2e32 -> 
  custom:video-decoder-ogg-theora: a1e56fd34408186e4bbccfd4996cb3dc -> 
  custom:container-muxer-webm: aa71ff27fc2769a1b78a27578f13a17b -> 
  custom:container-demuxer-webm: 4f35f7cbe854078d1ac9338744f61a02 -> 
  custom:container-demuxer-ogg: 62fdf1f143b41e24485cea50d1cbac27 -> 
  custom:video-encoder-webm-vp8: eb34c28f22e8b96e1ab97ce403110664 -> 
  custom:video-decoder-webm-vp8: 9c59270c3fd7afecdb556c50c9e8de78 -> 
  custom:audio-decoder-ogg-vorbis: bf7c407c2cedff20999df2af8eb42d56 -> 
  custom:audio-encoder-webm-vorbis: bf7c407c2cedff20999df2af8eb42d56 -> 
========================================================================
Received Import Request.
  Time since last request: 157.668745 seconds.
  path: Assets/Graphics/Shaders/Graph/Waves.shadergraph
  artifactKey: Guid(0acea0358ab45a14590706868513e4f9) Importer(815301076,1909f56bfc062723c751e8b465ee728b)
Start importing Assets/Graphics/Shaders/Graph/Waves.shadergraph using Guid(0acea0358ab45a14590706868513e4f9) Importer(815301076,1909f56bfc062723c751e8b465ee728b)  -> (artifact id: 'c32dd8c98734d9ce0762ba4ab1194bab') in 0.022151 seconds 
========================================================================
Received Prepare
Registering precompiled user dll's ...
Registered in 0.007190 seconds.
Begin MonoManager ReloadAssembly
Native extension for WindowsStandalone target not found
Native extension for WebGL target not found
Refreshing native plugins compatible for Editor in 0.67 ms, found 3 plugins.
Preloading 0 native plugins for Editor in 0.00 ms.
Mono: successfully reloaded assembly
- Completed reload, in  1.430 seconds
Domain Reload Profiling:
	ReloadAssembly (1431ms)
		BeginReloadAssembly (152ms)
			ExecutionOrderSort (0ms)
			DisableScriptedObjects (8ms)
			BackupInstance (0ms)
			ReleaseScriptingObjects (0ms)
			CreateAndSetChildDomain (45ms)
		EndReloadAssembly (1202ms)
			LoadAssemblies (146ms)
			RebuildTransferFunctionScriptingTraits (0ms)
			SetupTypeCache (431ms)
			ReleaseScriptCaches (1ms)
			RebuildScriptCaches (68ms)
			SetupLoadedEditorAssemblies (400ms)
				LogAssemblyErrors (0ms)
				InitializePlatformSupportModulesInManaged (6ms)
				SetLoadedEditorAssemblies (1ms)
				RefreshPlugins (1ms)
				BeforeProcessingInitializeOnLoad (117ms)
				ProcessInitializeOnLoadAttributes (248ms)
				ProcessInitializeOnLoadMethodAttributes (19ms)
				AfterProcessingInitializeOnLoad (8ms)
				EditorAssembliesLoaded (0ms)
			ExecutionOrderSort2 (0ms)
			AwakeInstancesAfterBackupRestoration (17ms)
Platform modules already initialized, skipping
Refreshing native plugins compatible for Editor in 1.63 ms, found 3 plugins.
Preloading 0 native plugins for Editor in 0.00 ms.
Unloading 3276 Unused Serialized files (Serialized files now loaded: 0)
System memory in use before: 147.9 MB.
System memory in use after: 148.2 MB.

Unloading 19 unused Assets to reduce memory usage. Loaded Objects now: 3983.
Total: 3.773200 ms (FindLiveObjects: 0.262600 ms CreateObjectMapping: 0.207100 ms MarkObjects: 3.243600 ms  DeleteObjects: 0.059000 ms)

AssetImportParameters requested are different than current active one (requested -> active):
  custom:framework-win-MediaFoundation: 216162199b28c13a410421893ffa2e32 -> 
  custom:video-decoder-ogg-theora: a1e56fd34408186e4bbccfd4996cb3dc -> 
  custom:container-muxer-webm: aa71ff27fc2769a1b78a27578f13a17b -> 
  custom:container-demuxer-webm: 4f35f7cbe854078d1ac9338744f61a02 -> 
  custom:container-demuxer-ogg: 62fdf1f143b41e24485cea50d1cbac27 -> 
  custom:video-encoder-webm-vp8: eb34c28f22e8b96e1ab97ce403110664 -> 
  custom:video-decoder-webm-vp8: 9c59270c3fd7afecdb556c50c9e8de78 -> 
  custom:audio-decoder-ogg-vorbis: bf7c407c2cedff20999df2af8eb42d56 -> 
  custom:audio-encoder-webm-vorbis: bf7c407c2cedff20999df2af8eb42d56 -> 
========================================================================
Received Import Request.
  Time since last request: 510.585310 seconds.
  path: Assets/Backgrounds/CyaSolei_flowing_chocolate_glaze_full_background_dark_cartoon_s_165dc152-c167-4416-b909-c6b07c63b25f.png
  artifactKey: Guid(03759fb26a52f4a468aa67ccbfb66788) Importer(815301076,1909f56bfc062723c751e8b465ee728b)
Start importing Assets/Backgrounds/CyaSolei_flowing_chocolate_glaze_full_background_dark_cartoon_s_165dc152-c167-4416-b909-c6b07c63b25f.png using Guid(03759fb26a52f4a468aa67ccbfb66788) Importer(815301076,1909f56bfc062723c751e8b465ee728b)  -> (artifact id: '08cc183dfdb3c7a459f691bbada3e07b') in 0.089030 seconds 
========================================================================
Received Import Request.
  Time since last request: 255.236021 seconds.
  path: Assets/Graphics/Shaders/Graph/Waves 1.shadergraph
  artifactKey: Guid(23e57ed60d326d442a3ea549d3a37228) Importer(815301076,1909f56bfc062723c751e8b465ee728b)
Start importing Assets/Graphics/Shaders/Graph/Waves 1.shadergraph using Guid(23e57ed60d326d442a3ea549d3a37228) Importer(815301076,1909f56bfc062723c751e8b465ee728b)  -> (artifact id: '7b1f91c166d78702fcac7c3cff989e1b') in 0.011688 seconds 
========================================================================
Received Import Request.
  Time since last request: 3.305506 seconds.
  path: Assets/Graphics/Shaders/Graph/WavesBlend.shadergraph
  artifactKey: Guid(23e57ed60d326d442a3ea549d3a37228) Importer(815301076,1909f56bfc062723c751e8b465ee728b)
Start importing Assets/Graphics/Shaders/Graph/WavesBlend.shadergraph using Guid(23e57ed60d326d442a3ea549d3a37228) Importer(815301076,1909f56bfc062723c751e8b465ee728b)  -> (artifact id: '3f1f10a67e43eff40b9673e3e752d947') in 0.008525 seconds 
========================================================================
Received Import Request.
  Time since last request: 29.907437 seconds.
  path: Assets/Graphics/Textures
  artifactKey: Guid(fde2324ca4f06fd4bb9c756afe0b4e35) Importer(815301076,1909f56bfc062723c751e8b465ee728b)
Start importing Assets/Graphics/Textures using Guid(fde2324ca4f06fd4bb9c756afe0b4e35) Importer(815301076,1909f56bfc062723c751e8b465ee728b)  -> (artifact id: '8735c0d8d684c8bbcc8a0704fa3a22e0') in 0.017187 seconds 
========================================================================
Received Import Request.
  Time since last request: 102.195295 seconds.
  path: Assets/Graphics/Textures/CyaSolei_very_realistic_background_textured_as_sponge_streams_o_7d05e048-cce5-4ae2-9681-ab63690b1fe8.png
  artifactKey: Guid(60848bae570bcd648b12f201a7cc8ed8) Importer(815301076,1909f56bfc062723c751e8b465ee728b)
Start importing Assets/Graphics/Textures/CyaSolei_very_realistic_background_textured_as_sponge_streams_o_7d05e048-cce5-4ae2-9681-ab63690b1fe8.png using Guid(60848bae570bcd648b12f201a7cc8ed8) Importer(815301076,1909f56bfc062723c751e8b465ee728b)  -> (artifact id: 'b3bb93231070768abcdf0906ef2433e9') in 0.028641 seconds 
========================================================================
Received Import Request.
  Time since last request: 0.000373 seconds.
  path: Assets/Graphics/Textures/CyaSolei_very_realistic_wallpaper_textured_as_sponge_streams_of_69f5f084-1788-4de5-8799-d2326410357c.png
  artifactKey: Guid(4d0b0bf98457c1b4e803034dacd8e4d8) Importer(815301076,1909f56bfc062723c751e8b465ee728b)
Start importing Assets/Graphics/Textures/CyaSolei_very_realistic_wallpaper_textured_as_sponge_streams_of_69f5f084-1788-4de5-8799-d2326410357c.png using Guid(4d0b0bf98457c1b4e803034dacd8e4d8) Importer(815301076,1909f56bfc062723c751e8b465ee728b)  -> (artifact id: 'e77060fe880e8c2228f2ce7deee72607') in 0.037366 seconds 
========================================================================
Received Import Request.
  Time since last request: 0.000254 seconds.
  path: Assets/Graphics/Textures/CyaSolei_very_realistic_background_textured_as_sponge_streams_o_53d675f8-ea82-423b-adbd-b773bf32839a.png
  artifactKey: Guid(3a942dd6c49853b45ba31ce5ffcb54fd) Importer(815301076,1909f56bfc062723c751e8b465ee728b)
Start importing Assets/Graphics/Textures/CyaSolei_very_realistic_background_textured_as_sponge_streams_o_53d675f8-ea82-423b-adbd-b773bf32839a.png using Guid(3a942dd6c49853b45ba31ce5ffcb54fd) Importer(815301076,1909f56bfc062723c751e8b465ee728b)  -> (artifact id: 'a94310d590fca6826756aa994521588c') in 0.035416 seconds 
AssetImportWorkerClient::OnTransportError - code=2 error=End of file
